QXcbConnection: XCB error: 3 (BadWindow), sequence: 43530, resource id: 18885578, major code: 40 (TranslateCoords), minor code: 0
QWidget::repaint: Recursive repaint detected
QWidget::paintEngine: Should no longer be called
QPainter::begin: Paint device returned engine == 0, type: 1
QPainter::setBrushOrigin: Painter not active
QPainter::setClipRect: Painter not active
QPainter::pen: Painter not active
QPainter::setPen: Painter not active
QPainter::setPen: Painter not active
QPainter::setPen: Painter not active
QPainter::setPen: Painter not active
QPainter::pen: Painter not active
QPainter::setPen: Painter not active
QPainter::setPen: Painter not active
QPainter::pen: Painter not active
QPainter::setPen: Painter not active
QPainter::setPen: Painter not active
QPainter::setPen: Painter not active
QPainter::setPen: Painter not active
QPainter::pen: Painter not active
QPainter::setPen: Painter not active
QPainter::setPen: Painter not active
QPainter::pen: Painter not active
QPainter::pen: Painter not active
QPainter::setPen: Painter not active
QPainter::setPen: Painter not active
QPainter::setPen: Painter not active
QPainter::setPen: Painter not active
QPainter::pen: Painter not active
QPainter::setPen: Painter not active
QPainter::setPen: Painter not active
QPainter::pen: Painter not active
QPainter::pen: Painter not active
QPainter::pen: Painter not active
QPainter::setPen: Painter not active
QPainter::setPen: Painter not active
QPainter::setPen: Painter not active
QPainter::setPen: Painter not active
QPainter::pen: Painter not active
QPainter::setPen: Painter not active
QPainter::setPen: Painter not active
QPainter::pen: Painter not active
QPainter::setPen: Painter not active
QPainter::setPen: Painter not active
QPainter::pen: Painter not active
QPainter::setPen: Painter not active
QPainter::setPen: Painter not active
QPainter::pen: Painter not active
QPainter::pen: Painter not active
QPainter::setPen: Painter not active
QPainter::setPen: Painter not active
QPainter::pen: Painter not active
QPainter::setPen: Painter not active
QPainter::setPen: Painter not active
QPainter::pen: Painter not active
QPainter::setPen: Painter not active
QPainter::setPen: Painter not active
QPainter::pen: Painter not active
QPainter::setPen: Painter not active
QPainter::setPen: Painter not active
QPainter::pen: Painter not active
QPainter::setPen: Painter not active
QPainter::setPen: Painter not active
QPainter::setPen: Painter not active
QPainter::pen: Painter not active
QPainter::setPen: Painter not active
QPainter::setPen: Painter not active
QPainter::pen: Painter not active
QPainter::pen: Painter not active
QPainter::setPen: Painter not active
QPainter::setPen: Painter not active
QPainter::setPen: Painter not active
QPainter::pen: Painter not active
QPainter::setPen: Painter not active
QPainter::setPen: Painter not active
QPainter::pen: Painter not active
QPainter::setPen: Painter not active
QPainter::pen: Painter not active
QPainter::setPen: Painter not active
QPainter::setPen: Painter not active
QPainter::pen: Painter not active
QPainter::setPen: Painter not active
QPainter::setPen: Painter not active
QPainter::setPen: Painter not active
QPainter::pen: Painter not active
QPainter::setPen: Painter not active
QPainter::setPen: Painter not active
QPainter::pen: Painter not active
QPainter::setPen: Painter not active
QPainter::setPen: Painter not active
QPainter::setPen: Painter not active
QPainter::pen: Painter not active
QPainter::setPen: Painter not active
QPainter::setPen: Painter not active
QPainter::pen: Painter not active
QPainter::setPen: Painter not active
QPainter::setPen: Painter not active
QPainter::setPen: Painter not active
QPainter::setPen: Painter not active
QPainter::setPen: Painter not active
QPainter::pen: Painter not active
QPainter::setPen: Painter not active
QPainter::setPen: Painter not active
QPainter::pen: Painter not active
QPainter::setPen: Painter not active
QPainter::setPen: Painter not active
QPainter::setPen: Painter not active
QPainter::pen: Painter not active
QPainter::setPen: Painter not active
QPainter::setPen: Painter not active
QPainter::pen: Painter not active
QPainter::pen: Painter not active
QPainter::setPen: Painter not active
QPainter::setPen: Painter not active
QPainter::setPen: Painter not active
QPainter::pen: Painter not active
QPainter::setPen: Painter not active
QPainter::setPen: Painter not active
QPainter::pen: Painter not active
QPainter::setPen: Painter not active
QPainter::setPen: Painter not active
QPainter::setPen: Painter not active
QPainter::pen: Painter not active
QPainter::setPen: Painter not active
QPainter::setPen: Painter not active
QPainter::pen: Painter not active
QPainter::setPen: Painter not active
QPainter::pen: Painter not active
QPainter::setPen: Painter not active
QPainter::setPen: Painter not active
QPainter::pen: Painter not active
QPainter::setPen: Painter not active
QPainter::pen: Painter not active
QPainter::setPen: Painter not active
QPainter::setPen: Painter not active
QPainter::pen: Painter not active
QPainter::setPen: Painter not active
QPainter::pen: Painter not active
QPainter::setPen: Painter not active
QPainter::setPen: Painter not active
QPainter::pen: Painter not active
QPainter::setPen: Painter not active
QPainter::pen: Painter not active
QPainter::setPen: Painter not active
QPainter::setPen: Painter not active
QPainter::pen: Painter not active
QPainter::setPen: Painter not active
QPainter::pen: Painter not active
QPainter::setPen: Painter not active
QPainter::setPen: Painter not active
QPainter::pen: Painter not active
QPainter::setPen: Painter not active
QPainter::pen: Painter not active
QPainter::setPen: Painter not active
QPainter::setPen: Painter not active
QPainter::pen: Painter not active
QPainter::setPen: Painter not active
QPainter::pen: Painter not active
QPainter::setPen: Painter not active
QPainter::setPen: Painter not active
QPainter::pen: Painter not active
QPainter::setPen: Painter not active
QPainter::pen: Painter not active
QPainter::setPen: Painter not active
QPainter::setPen: Painter not active
QPainter::pen: Painter not active
QPainter::pen: Painter not active
QPainter::setPen: Painter not active
QPainter::pen: Painter not active
QPainter::setPen: Painter not active
QPainter::setPen: Painter not active
QPainter::pen: Painter not active
QPainter::setPen: Painter not active
QPainter::pen: Painter not active
QPainter::setPen: Painter not active
QPainter::setPen: Painter not active
QPainter::pen: Painter not active
QPainter::setPen: Painter not active
QPainter::pen: Painter not active
QPainter::setPen: Painter not active
QPainter::setPen: Painter not active
QPainter::pen: Painter not active
QPainter::setPen: Painter not active
QPainter::pen: Painter not active
QPainter::setPen: Painter not active
QPainter::setPen: Painter not active
QPainter::pen: Painter not active
QPainter::setPen: Painter not active
QPainter::pen: Painter not active
QPainter::setPen: Painter not active
QPainter::setPen: Painter not active
QPainter::pen: Painter not active
QPainter::setPen: Painter not active
QPainter::pen: Painter not active
QPainter::setPen: Painter not active
QPainter::setPen: Painter not active
QPainter::pen: Painter not active
QPainter::setPen: Painter not active
QPainter::pen: Painter not active
QPainter::setPen: Painter not active
QPainter::setPen: Painter not active
QPainter::pen: Painter not active
QPainter::setPen: Painter not active
QPainter::pen: Painter not active
QPainter::setPen: Painter not active
QPainter::setPen: Painter not active
QPainter::pen: Painter not active
QPainter::setPen: Painter not active
QPainter::pen: Painter not active
QPainter::setPen: Painter not active
QPainter::setPen: Painter not active
QPainter::pen: Painter not active
QPainter::setPen: Painter not active
QPainter::pen: Painter not active
QPainter::setPen: Painter not active
QPainter::setPen: Painter not active
QPainter::pen: Painter not active
QPainter::setPen: Painter not active
QPainter::pen: Painter not active
QPainter::setPen: Painter not active
QPainter::setPen: Painter not active
QPainter::pen: Painter not active
QPainter::pen: Painter not active
QPainter::setPen: Painter not active
QPainter::pen: Painter not active
QPainter::setPen: Painter not active
QPainter::setPen: Painter not active
QPainter::pen: Painter not active
QPainter::setPen: Painter not active
QPainter::setPen: Painter not active
QPainter::pen: Painter not active
QPainter::setPen: Painter not active
QPainter::setPen: Painter not active
QPainter::pen: Painter not active
QPainter::setPen: Painter not active
QPainter::pen: Painter not active
QPainter::setPen: Painter not active
QPainter::setPen: Painter not active
QPainter::pen: Painter not active
QPainter::setPen: Painter not active
QPainter::pen: Painter not active
QPainter::setPen: Painter not active
QPainter::setPen: Painter not active
QPainter::pen: Painter not active
QPainter::setPen: Painter not active
QPainter::pen: Painter not active
QPainter::setPen: Painter not active
QPainter::setPen: Painter not active
QPainter::pen: Painter not active
QPainter::setPen: Painter not active
QPainter::pen: Painter not active
QPainter::setPen: Painter not active
QPainter::setPen: Painter not active
QPainter::pen: Painter not active
QPainter::setPen: Painter not active
QPainter::pen: Painter not active
QPainter::setPen: Painter not active
QPainter::setPen: Painter not active
QPainter::pen: Painter not active
QPainter::pen: Painter not active
QPainter::setPen: Painter not active
QPainter::setPen: Painter not active
QPainter::pen: Painter not active
QPainter::setPen: Painter not active
QPainter::setPen: Painter not active
QPainter::pen: Painter not active
QPainter::setPen: Painter not active
QPainter::setPen: Painter not active
QPainter::setPen: Painter not active
QPainter::setPen: Painter not active
QPainter::pen: Painter not active
QPainter::setPen: Painter not active
QPainter::setPen: Painter not active
QPainter::pen: Painter not active
QPainter::pen: Painter not active
QPainter::brush: Painter not active
QPainter::setPen: Painter not active
QPainter::setBrush: Painter not active
QPainter::drawPath: Painter not active
QPainter::setPen: Painter not active
QPainter::setBrush: Painter not active
QPainter::save: Painter not active
QPainter::setClipPath: Painter not active
QPainter::pen: Painter not active
QPainter::setPen: Painter not active
QPainter::pen: Painter not active
QPainter::setPen: Painter not active
QPainter::setPen: Painter not active
QPainter::restore: Unbalanced save/restore
QPainter::pen: Painter not active
QPainter::brush: Painter not active
QPainter::setPen: Painter not active
QPainter::setBrush: Painter not active
QPainter::drawPath: Painter not active
QPainter::setPen: Painter not active
QPainter::setBrush: Painter not active
QPainter::save: Painter not active
QPainter::setClipPath: Painter not active
QPainter::pen: Painter not active
QPainter::setPen: Painter not active
QPainter::pen: Painter not active
QPainter::setPen: Painter not active
QPainter::setPen: Painter not active
QPainter::restore: Unbalanced save/restore
QPainter::pen: Painter not active
QPainter::brush: Painter not active
QPainter::setPen: Painter not active
QPainter::setBrush: Painter not active
QPainter::drawPath: Painter not active
QPainter::setPen: Painter not active
QPainter::setBrush: Painter not active
QPainter::save: Painter not active
QPainter::setClipPath: Painter not active
QPainter::pen: Painter not active
QPainter::setPen: Painter not active
QPainter::pen: Painter not active
QPainter::setPen: Painter not active
QPainter::setPen: Painter not active
QPainter::restore: Unbalanced save/restore
QPainter::save: Painter not active
QPainter::setClipPath: Painter not active
QPainter::pen: Painter not active
QPainter::setPen: Painter not active
QPainter::pen: Painter not active
QPainter::setPen: Painter not active
QPainter::setPen: Painter not active
QPainter::restore: Unbalanced save/restore
QPainter::save: Painter not active
QPainter::setClipPath: Painter not active
QPainter::pen: Painter not active
QPainter::setPen: Painter not active
QPainter::pen: Painter not active
QPainter::setPen: Painter not active
QPainter::setPen: Painter not active
QPainter::restore: Unbalanced save/restore
QWidget::paintEngine: Should no longer be called
QPainter::begin: Paint device returned engine == 0, type: 1
QPainter::pen: Painter not active
QPainter::setPen: Painter not active
QXcbConnection: XCB error: 3 (BadWindow), sequence: 2952, resource id: 18875454, major code: 40 (TranslateCoords), minor code: 0
Handling signal: 15
Traceback (most recent call last):
  File "/home/gknam/Software/anaconda3/lib/python3.6/site-packages/spyder/app/mainwindow.py", line 3011, in main
    mainwindow = run_spyder(app, options, args)
  File "/home/gknam/Software/anaconda3/lib/python3.6/site-packages/spyder/app/mainwindow.py", line 2913, in run_spyder
    main.setup()
  File "/home/gknam/Software/anaconda3/lib/python3.6/site-packages/spyder/app/mainwindow.py", line 873, in setup
    from spyder.plugins.ipythonconsole import IPythonConsole
  File "/home/gknam/Software/anaconda3/lib/python3.6/site-packages/spyder/plugins/ipythonconsole.py", line 25, in <module>
    from jupyter_client.connect import find_connection_file
  File "/home/gknam/Software/anaconda3/lib/python3.6/site-packages/jupyter_client/__init__.py", line 7, in <module>
    from .manager import KernelManager, run_kernel
  File "/home/gknam/Software/anaconda3/lib/python3.6/site-packages/jupyter_client/manager.py", line 32, in <module>
    from .session import Session
  File "/home/gknam/Software/anaconda3/lib/python3.6/site-packages/jupyter_client/session.py", line 61, in <module>
    from jupyter_client.jsonutil import extract_dates, squash_dates, date_default
  File "/home/gknam/Software/anaconda3/lib/python3.6/site-packages/jupyter_client/jsonutil.py", line 28, in <module>
    datetime.strptime("1", "%d")
ModuleNotFoundError: No module named '_strptime'
QXcbConnection: XCB error: 3 (BadWindow), sequence: 528, resource id: 18876394, major code: 40 (TranslateCoords), minor code: 0
